<?xml version="1.0" encoding="UTF-8"?>
<!-- Generated by org.testng.reporters.JUnitReportReporter -->
<testsuite skipped="0" hostname="DESKTOP-5OHR9DS" name="uk.co.library.testsuite.JobSearchTest" tests="7" failures="0" timestamp="2022-12-15T21:22:16 GMT" time="230.423" errors="0">
  <testcase name="verifyJobSearchResultUsingDifferentDataSet" time="32.408" classname="uk.co.library.testsuite.JobSearchTest"/>
  <system-out/>
  <testcase name="verifyJobSearchResultUsingDifferentDataSet" time="34.953" classname="uk.co.library.testsuite.JobSearchTest"/>
  <system-out/>
  <testcase name="verifyJobSearchResultUsingDifferentDataSet" time="32.040" classname="uk.co.library.testsuite.JobSearchTest"/>
  <system-out/>
  <testcase name="verifyJobSearchResultUsingDifferentDataSet" time="32.744" classname="uk.co.library.testsuite.JobSearchTest"/>
  <system-out/>
  <testcase name="verifyJobSearchResultUsingDifferentDataSet" time="32.901" classname="uk.co.library.testsuite.JobSearchTest"/>
  <system-out/>
  <testcase name="verifyJobSearchResultUsingDifferentDataSet" time="32.064" classname="uk.co.library.testsuite.JobSearchTest"/>
  <system-out/>
  <testcase name="verifyJobSearchResultUsingDifferentDataSet" time="33.313" classname="uk.co.library.testsuite.JobSearchTest"/>
  <system-out/>
</testsuite> <!-- uk.co.library.testsuite.JobSearchTest -->
